<?xml version="1.0" encoding="UTF-8"?>
<!-- Generated by org.testng.reporters.JUnitReportReporter -->
<testsuite skipped="0" hostname="LIN59017991" name="com.SauceDemo.testCases.HomePageTest" tests="4" failures="0" timestamp="15 Jun 2022 09:41:37 GMT" time="13.229" errors="0">
  <testcase name="validateHomePageURLTest" time="2.879" classname="com.SauceDemo.testCases.HomePageTest"/>
  <testcase name="validateHomePageTitleTest" time="2.697" classname="com.SauceDemo.testCases.HomePageTest"/>
  <testcase name="validateHomePageLogoTest" time="2.807" classname="com.SauceDemo.testCases.HomePageTest"/>
  <testcase name="loginTest" time="4.846" classname="com.SauceDemo.testCases.HomePageTest"/>
</testsuite> <!-- com.SauceDemo.testCases.HomePageTest -->
