<?xml version="1.0" encoding="UTF-8"?>
<!-- Generated by org.testng.reporters.JUnitReportReporter -->
<testsuite skipped="0" hostname="LIN59017991" name="com.SauceDemo.testCases.OrderCompletePageTest" tests="3" failures="0" timestamp="20 Jun 2022 06:29:45 GMT" time="14.160" errors="0">
  <testcase name="validateOrderCompletePageURLTest" time="4.475" classname="com.SauceDemo.testCases.OrderCompletePageTest"/>
  <testcase name="validateOrderCompletePageTextTest" time="4.990" classname="com.SauceDemo.testCases.OrderCompletePageTest"/>
  <testcase name="clickOnBackHomeBtnTest" time="4.695" classname="com.SauceDemo.testCases.OrderCompletePageTest"/>
</testsuite> <!-- com.SauceDemo.testCases.OrderCompletePageTest -->
