<?xml version="1.0" encoding="UTF-8"?>
<!-- Generated by org.testng.reporters.JUnitReportReporter -->
<testsuite skipped="0" hostname="LIN59017991" name="com.SauceDemo.testCases.AddToCartPageTest" tests="3" failures="0" timestamp="15 Jun 2022 13:03:09 GMT" time="16.219" errors="0">
  <testcase name="validateAddToCartPageURLTest" time="4.444" classname="com.SauceDemo.testCases.AddToCartPageTest"/>
  <testcase name="validateAddToCartTextTest" time="5.857" classname="com.SauceDemo.testCases.AddToCartPageTest"/>
  <testcase name="validateProductsInCartTest" time="5.918" classname="com.SauceDemo.testCases.AddToCartPageTest"/>
</testsuite> <!-- com.SauceDemo.testCases.AddToCartPageTest -->
