<?xml version="1.0" encoding="UTF-8"?>
<!-- Generated by org.testng.reporters.JUnitReportReporter -->
<testsuite skipped="0" hostname="LIN59017991" name="com.SauceDemo.testCases.ProductsPageTest" tests="1" failures="0" timestamp="15 Jun 2022 11:41:07 GMT" time="5.033" errors="0">
  <testcase name="addProductsTest" time="5.033" classname="com.SauceDemo.testCases.ProductsPageTest"/>
</testsuite> <!-- com.SauceDemo.testCases.ProductsPageTest -->
