<?xml version="1.0" encoding="UTF-8"?>
<!-- Generated by org.testng.reporters.JUnitReportReporter -->
<testsuite skipped="0" hostname="LIN59017991" name="com.SauceDemo.testCases.OrderCompletePageTest" tests="3" failures="0" timestamp="2022-06-20T13:39:57 IST" time="16.168" errors="0">
  <testcase name="validateOrderCompletePageURLTest" time="5.931" classname="com.SauceDemo.testCases.OrderCompletePageTest"/>
  <system-out/>
  <testcase name="validateOrderCompletePageTextTest" time="4.837" classname="com.SauceDemo.testCases.OrderCompletePageTest"/>
  <system-out/>
  <testcase name="clickOnBackHomeBtnTest" time="5.400" classname="com.SauceDemo.testCases.OrderCompletePageTest"/>
  <system-out/>
</testsuite> <!-- com.SauceDemo.testCases.OrderCompletePageTest -->
